<?xml version="1.0" encoding="UTF-8"?>
<testsuite xmlns:xsi="http://www.w3.org/2001/XMLSchema-instance" xsi:noNamespaceSchemaLocation="https://maven.apache.org/surefire/maven-surefire-plugin/xsd/surefire-test-report.xsd" name="com.challenge.pet.love.infra.dataprovider.PositionStackDataProviderImplTest" time="0.019" tests="5" errors="0" skipped="0" failures="0">
  <properties>
[...]
</properties>
  <testcase name="findLocationAddressFoundReturnsLocationResponseDTO" classname="com.challenge.pet.love.infra.dataprovider.PositionStackDataProviderImplTest" time="0.01"/>
  <testcase name="findLocationNoAddressFoundThrowsBusinessException" classname="com.challenge.pet.love.infra.dataprovider.PositionStackDataProviderImplTest" time="0.002"/>
  <testcase name="findLocationEmptyListThrowsBusinessException" classname="com.challenge.pet.love.infra.dataprovider.PositionStackDataProviderImplTest" time="0.002"/>
  <testcase name="findLocationNullListThrowsBusinessException" classname="com.challenge.pet.love.infra.dataprovider.PositionStackDataProviderImplTest" time="0.002"/>
  <testcase name="findLocationExceptionFromClientThrowsBusinessException" classname="com.challenge.pet.love.infra.dataprovider.PositionStackDataProviderImplTest" time="0.002"/>
</testsuite>